  [1m[36m (0.1ms)[0m  [1mbegin transaction[0m
---------------------------------
ActsAsRequestableTest: test_truth
---------------------------------
  [1m[35m (0.0ms)[0m  rollback transaction
  [1m[36m (0.1ms)[0m  [1mbegin transaction[0m
---------------------------------
ActsAsRequestableTest: test_truth
---------------------------------
  [1m[35m (0.0ms)[0m  rollback transaction
  [1m[36m (0.0ms)[0m  [1mbegin transaction[0m
----------------------------------------------------
CoreExtTest: test_to_squawk_prepends_the_word_squawk
----------------------------------------------------
  [1m[35m (0.0ms)[0m  rollback transaction
  [1m[36m (0.1ms)[0m  [1mbegin transaction[0m
---------------------------------
ActsAsRequestableTest: test_truth
---------------------------------
  [1m[35m (0.0ms)[0m  rollback transaction
  [1m[36m (0.0ms)[0m  [1mbegin transaction[0m
----------------------------------------------------
CoreExtTest: test_to_squawk_prepends_the_word_squawk
----------------------------------------------------
  [1m[35m (0.0ms)[0m  rollback transaction
  [1m[36m (0.1ms)[0m  [1mbegin transaction[0m
--------------------------------------------------------------------------------------------
ActsAsRequestableTest: test_an_acts_as_requestable_model_should_have_request_status_property
--------------------------------------------------------------------------------------------
  [1m[35m (0.0ms)[0m  rollback transaction
  [1m[36m (0.0ms)[0m  [1mbegin transaction[0m
---------------------------------
ActsAsRequestableTest: test_truth
---------------------------------
  [1m[35m (0.0ms)[0m  rollback transaction
  [1m[36m (0.0ms)[0m  [1mbegin transaction[0m
----------------------------------------------------
CoreExtTest: test_to_squawk_prepends_the_word_squawk
----------------------------------------------------
  [1m[35m (0.0ms)[0m  rollback transaction
  [1m[36m (0.1ms)[0m  [1mbegin transaction[0m
--------------------------------------------------------------------------------------------
ActsAsRequestableTest: test_an_acts_as_requestable_model_should_have_request_status_property
--------------------------------------------------------------------------------------------
  [1m[35m (0.1ms)[0m  rollback transaction
  [1m[36m (0.0ms)[0m  [1mbegin transaction[0m
---------------------------------
ActsAsRequestableTest: test_truth
---------------------------------
  [1m[35m (0.0ms)[0m  rollback transaction
  [1m[36m (0.0ms)[0m  [1mbegin transaction[0m
----------------------------------------------------
CoreExtTest: test_to_squawk_prepends_the_word_squawk
----------------------------------------------------
  [1m[35m (0.0ms)[0m  rollback transaction
  [1m[36m (0.1ms)[0m  [1mbegin transaction[0m
--------------------------------------------------------------------------------------------
ActsAsRequestableTest: test_an_acts_as_requestable_model_should_have_request_status_property
--------------------------------------------------------------------------------------------
  [1m[35m (0.0ms)[0m  rollback transaction
  [1m[36m (0.0ms)[0m  [1mbegin transaction[0m
-------------------------------------------------------------------------
ActsAsRequestableTest: test_borrow_request_should_be_able_to_be_confirmed
-------------------------------------------------------------------------
  [1m[35m (0.0ms)[0m  rollback transaction
  [1m[36m (0.0ms)[0m  [1mbegin transaction[0m
------------------------------------------------------------------------
ActsAsRequestableTest: test_borrow_request_should_be_able_to_be_declined
------------------------------------------------------------------------
  [1m[35m (0.0ms)[0m  rollback transaction
  [1m[36m (0.0ms)[0m  [1mbegin transaction[0m
----------------------------------------------------------------------------------------
ActsAsRequestableTest: test_borrow_request_should_have_its_methods_called_when_confirmed
----------------------------------------------------------------------------------------
  [1m[35m (0.0ms)[0m  rollback transaction
  [1m[36m (0.0ms)[0m  [1mbegin transaction[0m
---------------------------------
ActsAsRequestableTest: test_truth
---------------------------------
  [1m[35m (0.0ms)[0m  rollback transaction
  [1m[36m (0.0ms)[0m  [1mbegin transaction[0m
----------------------------------------------------
CoreExtTest: test_to_squawk_prepends_the_word_squawk
----------------------------------------------------
  [1m[35m (0.0ms)[0m  rollback transaction
  [1m[36m (0.1ms)[0m  [1mbegin transaction[0m
---------------------------------------------------------------------------------------------
ActsAsRequestableTest: test_an_acts_as_requestable_model_should_have_after_confirmed_property
---------------------------------------------------------------------------------------------
  [1m[35m (0.0ms)[0m  rollback transaction
  [1m[36m (0.0ms)[0m  [1mbegin transaction[0m
----------------------------------------------------
CoreExtTest: test_to_squawk_prepends_the_word_squawk
----------------------------------------------------
  [1m[35m (0.0ms)[0m  rollback transaction
  [1m[36m (0.1ms)[0m  [1mbegin transaction[0m
---------------------------------------------------------------------------------------------
ActsAsRequestableTest: test_an_acts_as_requestable_model_should_have_after_confirmed_property
---------------------------------------------------------------------------------------------
  [1m[35m (0.0ms)[0m  rollback transaction
  [1m[36m (0.0ms)[0m  [1mbegin transaction[0m
----------------------------------------------------
CoreExtTest: test_to_squawk_prepends_the_word_squawk
----------------------------------------------------
  [1m[35m (0.0ms)[0m  rollback transaction
  [1m[36m (0.1ms)[0m  [1mbegin transaction[0m
---------------------------------------------------------------------------------------------
ActsAsRequestableTest: test_an_acts_as_requestable_model_should_have_after_confirmed_property
---------------------------------------------------------------------------------------------
  [1m[35m (0.0ms)[0m  rollback transaction
  [1m[36m (0.0ms)[0m  [1mbegin transaction[0m
----------------------------------------------------
CoreExtTest: test_to_squawk_prepends_the_word_squawk
----------------------------------------------------
  [1m[35m (0.0ms)[0m  rollback transaction
  [1m[36m (0.1ms)[0m  [1mbegin transaction[0m
---------------------------------------------------------------------------------------------
ActsAsRequestableTest: test_an_acts_as_requestable_model_should_have_after_confirmed_property
---------------------------------------------------------------------------------------------
  [1m[35m (0.1ms)[0m  rollback transaction
  [1m[36m (0.0ms)[0m  [1mbegin transaction[0m
----------------------------------------------------
CoreExtTest: test_to_squawk_prepends_the_word_squawk
----------------------------------------------------
  [1m[35m (0.1ms)[0m  rollback transaction
  [1m[36m (1.1ms)[0m  [1mCREATE TABLE "schema_migrations" ("version" varchar(255) NOT NULL) [0m
  [1m[35m (0.1ms)[0m  select sqlite_version(*)
  [1m[36m (0.8ms)[0m  [1mCREATE UNIQUE INDEX "unique_schema_migrations" ON "schema_migrations" ("version")[0m
  [1m[35mActiveRecord::SchemaMigration Load (0.1ms)[0m  SELECT "schema_migrations".* FROM "schema_migrations"
Migrating to CreateBooks (20140420150306)
  [1m[36m (0.0ms)[0m  [1mbegin transaction[0m
  [1m[35m (0.2ms)[0m  CREATE TABLE "books" ("id" INTEGER PRIMARY KEY AUTOINCREMENT NOT NULL, "title" varchar(255), "created_at" datetime, "updated_at" datetime) 
  [1m[36mSQL (0.1ms)[0m  [1mINSERT INTO "schema_migrations" ("version") VALUES (?)[0m  [["version", "20140420150306"]]
  [1m[35m (0.7ms)[0m  commit transaction
Migrating to CreateBookBorrowRequests (20140420150321)
  [1m[36m (0.1ms)[0m  [1mbegin transaction[0m
  [1m[35m (0.3ms)[0m  CREATE TABLE "book_borrow_requests" ("id" INTEGER PRIMARY KEY AUTOINCREMENT NOT NULL, "book_id" integer, "created_at" datetime, "updated_at" datetime) 
  [1m[36mSQL (0.1ms)[0m  [1mINSERT INTO "schema_migrations" ("version") VALUES (?)[0m  [["version", "20140420150321"]]
  [1m[35m (0.5ms)[0m  commit transaction
  [1m[36mActiveRecord::SchemaMigration Load (0.1ms)[0m  [1mSELECT "schema_migrations".* FROM "schema_migrations"[0m
  [1m[36mActiveRecord::SchemaMigration Load (0.1ms)[0m  [1mSELECT "schema_migrations".* FROM "schema_migrations"[0m
  [1m[35m (0.1ms)[0m  begin transaction
---------------------------------------------------------------------------------------------
ActsAsRequestableTest: test_an_acts_as_requestable_model_should_have_after_confirmed_property
---------------------------------------------------------------------------------------------
  [1m[36m (0.0ms)[0m  [1mrollback transaction[0m
  [1m[35m (0.0ms)[0m  begin transaction
----------------------------------------------------
CoreExtTest: test_to_squawk_prepends_the_word_squawk
----------------------------------------------------
  [1m[36m (0.0ms)[0m  [1mrollback transaction[0m
  [1m[36mActiveRecord::SchemaMigration Load (0.1ms)[0m  [1mSELECT "schema_migrations".* FROM "schema_migrations"[0m
  [1m[35m (0.1ms)[0m  begin transaction
---------------------------------------------------------------------------------------------
ActsAsRequestableTest: test_an_acts_as_requestable_model_should_have_after_confirmed_property
---------------------------------------------------------------------------------------------
  [1m[36m (0.0ms)[0m  [1mrollback transaction[0m
  [1m[35m (0.0ms)[0m  begin transaction
----------------------------------------------------
CoreExtTest: test_to_squawk_prepends_the_word_squawk
----------------------------------------------------
  [1m[36m (0.0ms)[0m  [1mrollback transaction[0m
  [1m[36mActiveRecord::SchemaMigration Load (0.1ms)[0m  [1mSELECT "schema_migrations".* FROM "schema_migrations"[0m
  [1m[35m (0.1ms)[0m  begin transaction
-------------------------------------------------------------------------------------------
ActsAsRequestableTest: test_an_acts_as_requestable_model_should_have_its_after_*_properties
-------------------------------------------------------------------------------------------
  [1m[36m (0.0ms)[0m  [1mrollback transaction[0m
  [1m[35m (0.0ms)[0m  begin transaction
----------------------------------------------------
CoreExtTest: test_to_squawk_prepends_the_word_squawk
----------------------------------------------------
  [1m[36m (0.0ms)[0m  [1mrollback transaction[0m
  [1m[36mActiveRecord::SchemaMigration Load (0.1ms)[0m  [1mSELECT "schema_migrations".* FROM "schema_migrations"[0m
  [1m[35m (0.1ms)[0m  begin transaction
-------------------------------------------------------------------------------------------
ActsAsRequestableTest: test_an_acts_as_requestable_model_should_have_its_after_*_properties
-------------------------------------------------------------------------------------------
  [1m[36m (0.0ms)[0m  [1mrollback transaction[0m
  [1m[35m (0.0ms)[0m  begin transaction
----------------------------------------------------
CoreExtTest: test_to_squawk_prepends_the_word_squawk
----------------------------------------------------
  [1m[36m (0.0ms)[0m  [1mrollback transaction[0m
  [1m[36mActiveRecord::SchemaMigration Load (0.1ms)[0m  [1mSELECT "schema_migrations".* FROM "schema_migrations"[0m
  [1m[35m (0.1ms)[0m  begin transaction
-------------------------------------------------------------------------------------------
ActsAsRequestableTest: test_an_acts_as_requestable_model_should_have_its_after_*_properties
-------------------------------------------------------------------------------------------
  [1m[36m (0.0ms)[0m  [1mrollback transaction[0m
  [1m[35m (0.0ms)[0m  begin transaction
----------------------------------------------------
CoreExtTest: test_to_squawk_prepends_the_word_squawk
----------------------------------------------------
  [1m[36m (0.0ms)[0m  [1mrollback transaction[0m
  [1m[36mActiveRecord::SchemaMigration Load (0.1ms)[0m  [1mSELECT "schema_migrations".* FROM "schema_migrations"[0m
  [1m[35m (0.1ms)[0m  begin transaction
-------------------------------------------------------------------------------------------
ActsAsRequestableTest: test_an_acts_as_requestable_model_should_have_its_after_*_properties
-------------------------------------------------------------------------------------------
  [1m[36m (0.0ms)[0m  [1mrollback transaction[0m
  [1m[35m (0.0ms)[0m  begin transaction
----------------------------------------------------
CoreExtTest: test_to_squawk_prepends_the_word_squawk
----------------------------------------------------
  [1m[36m (0.0ms)[0m  [1mrollback transaction[0m
  [1m[36mActiveRecord::SchemaMigration Load (0.1ms)[0m  [1mSELECT "schema_migrations".* FROM "schema_migrations"[0m
  [1m[35m (0.1ms)[0m  begin transaction
----------------------------------------------------------------------------------
ActsAsRequestableTest: test_after_decline_should_call_whatever_method_is_specified
----------------------------------------------------------------------------------
  [1m[36m (0.0ms)[0m  [1mrollback transaction[0m
  [1m[35m (0.0ms)[0m  begin transaction
-------------------------------------------------------------------------------------------
ActsAsRequestableTest: test_an_acts_as_requestable_model_should_have_its_after_*_properties
-------------------------------------------------------------------------------------------
  [1m[36m (0.0ms)[0m  [1mrollback transaction[0m
  [1m[35m (0.0ms)[0m  begin transaction
----------------------------------------------------
CoreExtTest: test_to_squawk_prepends_the_word_squawk
----------------------------------------------------
  [1m[36m (0.0ms)[0m  [1mrollback transaction[0m
  [1m[36mActiveRecord::SchemaMigration Load (0.1ms)[0m  [1mSELECT "schema_migrations".* FROM "schema_migrations"[0m
  [1m[35m (0.1ms)[0m  begin transaction
----------------------------------------------------------------------------------
ActsAsRequestableTest: test_after_decline_should_call_whatever_method_is_specified
----------------------------------------------------------------------------------
  [1m[36m (0.0ms)[0m  [1mrollback transaction[0m
  [1m[35m (0.0ms)[0m  begin transaction
-------------------------------------------------------------------------------------------
ActsAsRequestableTest: test_an_acts_as_requestable_model_should_have_its_after_*_properties
-------------------------------------------------------------------------------------------
  [1m[36m (0.0ms)[0m  [1mrollback transaction[0m
  [1m[35m (0.0ms)[0m  begin transaction
----------------------------------------------------
CoreExtTest: test_to_squawk_prepends_the_word_squawk
----------------------------------------------------
  [1m[36m (0.0ms)[0m  [1mrollback transaction[0m
  [1m[36mActiveRecord::SchemaMigration Load (0.1ms)[0m  [1mSELECT "schema_migrations".* FROM "schema_migrations"[0m
  [1m[35m (0.1ms)[0m  begin transaction
----------------------------------------------------------------------------------
ActsAsRequestableTest: test_after_decline_should_call_whatever_method_is_specified
----------------------------------------------------------------------------------
  [1m[36m (0.0ms)[0m  [1mrollback transaction[0m
  [1m[35m (0.0ms)[0m  begin transaction
-------------------------------------------------------------------------------------------
ActsAsRequestableTest: test_an_acts_as_requestable_model_should_have_its_after_*_properties
-------------------------------------------------------------------------------------------
  [1m[36m (0.0ms)[0m  [1mrollback transaction[0m
  [1m[35m (0.0ms)[0m  begin transaction
----------------------------------------------------
CoreExtTest: test_to_squawk_prepends_the_word_squawk
----------------------------------------------------
  [1m[36m (0.0ms)[0m  [1mrollback transaction[0m
  [1m[36mActiveRecord::SchemaMigration Load (0.1ms)[0m  [1mSELECT "schema_migrations".* FROM "schema_migrations"[0m
  [1m[35m (0.1ms)[0m  begin transaction
----------------------------------------------------------------------------------
ActsAsRequestableTest: test_after_decline_should_call_whatever_method_is_specified
----------------------------------------------------------------------------------
  [1m[36m (0.0ms)[0m  [1mrollback transaction[0m
  [1m[35m (0.0ms)[0m  begin transaction
-------------------------------------------------------------------------------------------
ActsAsRequestableTest: test_an_acts_as_requestable_model_should_have_accept/decline_methods
-------------------------------------------------------------------------------------------
  [1m[36m (0.0ms)[0m  [1mrollback transaction[0m
  [1m[35m (0.0ms)[0m  begin transaction
----------------------------------------------------
CoreExtTest: test_to_squawk_prepends_the_word_squawk
----------------------------------------------------
  [1m[36m (0.0ms)[0m  [1mrollback transaction[0m
  [1m[36mActiveRecord::SchemaMigration Load (0.1ms)[0m  [1mSELECT "schema_migrations".* FROM "schema_migrations"[0m
  [1m[35m (0.1ms)[0m  begin transaction
----------------------------------------------------------------------------------
ActsAsRequestableTest: test_after_decline_should_call_whatever_method_is_specified
----------------------------------------------------------------------------------
  [1m[36m (0.0ms)[0m  [1mrollback transaction[0m
  [1m[35m (0.0ms)[0m  begin transaction
-------------------------------------------------------------------------------------------
ActsAsRequestableTest: test_an_acts_as_requestable_model_should_have_accept/decline_methods
-------------------------------------------------------------------------------------------
  [1m[36m (0.0ms)[0m  [1mrollback transaction[0m
  [1m[35m (0.0ms)[0m  begin transaction
----------------------------------------------------
CoreExtTest: test_to_squawk_prepends_the_word_squawk
----------------------------------------------------
  [1m[36m (0.0ms)[0m  [1mrollback transaction[0m
  [1m[36mActiveRecord::SchemaMigration Load (0.1ms)[0m  [1mSELECT "schema_migrations".* FROM "schema_migrations"[0m
  [1m[35m (0.1ms)[0m  begin transaction
-----------------------------------------------------------------------------------------------
ActsAsRequestableTest: test_after_decline_or_accept_it_should_call_whatever_method_is_specified
-----------------------------------------------------------------------------------------------
  [1m[36m (0.0ms)[0m  [1mrollback transaction[0m
  [1m[35m (0.0ms)[0m  begin transaction
-------------------------------------------------------------------------------------------
ActsAsRequestableTest: test_an_acts_as_requestable_model_should_have_accept/decline_methods
-------------------------------------------------------------------------------------------
  [1m[36m (0.0ms)[0m  [1mrollback transaction[0m
  [1m[35m (0.0ms)[0m  begin transaction
----------------------------------------------------
CoreExtTest: test_to_squawk_prepends_the_word_squawk
----------------------------------------------------
  [1m[36m (0.0ms)[0m  [1mrollback transaction[0m
  [1m[36mActiveRecord::SchemaMigration Load (0.1ms)[0m  [1mSELECT "schema_migrations".* FROM "schema_migrations"[0m
  [1m[35m (0.1ms)[0m  begin transaction
-----------------------------------------------------------------------------------------------
ActsAsRequestableTest: test_after_decline_or_accept_it_should_call_whatever_method_is_specified
-----------------------------------------------------------------------------------------------
  [1m[36m (0.1ms)[0m  [1mrollback transaction[0m
  [1m[35m (0.0ms)[0m  begin transaction
-----------------------------------------------------------------------------------------------
ActsAsRequestableTest: test_after_decline_or_accept_it_should_set_its_property_to_the_right_one
-----------------------------------------------------------------------------------------------
  [1m[36m (0.0ms)[0m  [1mrollback transaction[0m
  [1m[35m (0.0ms)[0m  begin transaction
-------------------------------------------------------------------------------------------
ActsAsRequestableTest: test_an_acts_as_requestable_model_should_have_accept/decline_methods
-------------------------------------------------------------------------------------------
  [1m[36m (0.0ms)[0m  [1mrollback transaction[0m
  [1m[35m (0.0ms)[0m  begin transaction
----------------------------------------------------
CoreExtTest: test_to_squawk_prepends_the_word_squawk
----------------------------------------------------
  [1m[36m (0.0ms)[0m  [1mrollback transaction[0m
  [1m[36mActiveRecord::SchemaMigration Load (0.1ms)[0m  [1mSELECT "schema_migrations".* FROM "schema_migrations"[0m
  [1m[35m (0.1ms)[0m  begin transaction
-----------------------------------------------------------------------------------------------
ActsAsRequestableTest: test_after_decline_or_accept_it_should_call_whatever_method_is_specified
-----------------------------------------------------------------------------------------------
  [1m[36m (0.0ms)[0m  [1mrollback transaction[0m
  [1m[35m (0.0ms)[0m  begin transaction
-----------------------------------------------------------------------------------------------
ActsAsRequestableTest: test_after_decline_or_accept_it_should_set_its_property_to_the_right_one
-----------------------------------------------------------------------------------------------
  [1m[36m (0.0ms)[0m  [1mrollback transaction[0m
  [1m[35m (0.0ms)[0m  begin transaction
-------------------------------------------------------------------------------------------
ActsAsRequestableTest: test_an_acts_as_requestable_model_should_have_accept/decline_methods
-------------------------------------------------------------------------------------------
  [1m[36m (0.0ms)[0m  [1mrollback transaction[0m
  [1m[35m (0.0ms)[0m  begin transaction
----------------------------------------------------
CoreExtTest: test_to_squawk_prepends_the_word_squawk
----------------------------------------------------
  [1m[36m (0.0ms)[0m  [1mrollback transaction[0m
  [1m[36mActiveRecord::SchemaMigration Load (0.1ms)[0m  [1mSELECT "schema_migrations".* FROM "schema_migrations"[0m
  [1m[35m (0.1ms)[0m  begin transaction
-----------------------------------------------------------------------------------------------
ActsAsRequestableTest: test_after_decline_or_accept_it_should_call_whatever_method_is_specified
-----------------------------------------------------------------------------------------------
  [1m[36m (0.0ms)[0m  [1mrollback transaction[0m
  [1m[35m (0.0ms)[0m  begin transaction
-----------------------------------------------------------------------------------------------
ActsAsRequestableTest: test_after_decline_or_accept_it_should_set_its_property_to_the_right_one
-----------------------------------------------------------------------------------------------
  [1m[36m (0.0ms)[0m  [1mrollback transaction[0m
  [1m[35m (0.0ms)[0m  begin transaction
-------------------------------------------------------------------------------------------
ActsAsRequestableTest: test_an_acts_as_requestable_model_should_have_accept/decline_methods
-------------------------------------------------------------------------------------------
  [1m[36m (0.0ms)[0m  [1mrollback transaction[0m
  [1m[35m (0.0ms)[0m  begin transaction
----------------------------------------------------
CoreExtTest: test_to_squawk_prepends_the_word_squawk
----------------------------------------------------
  [1m[36m (0.0ms)[0m  [1mrollback transaction[0m
  [1m[36mActiveRecord::SchemaMigration Load (0.1ms)[0m  [1mSELECT "schema_migrations".* FROM "schema_migrations"[0m
  [1m[35m (0.1ms)[0m  begin transaction
-----------------------------------------------------------------------------------------------
ActsAsRequestableTest: test_after_decline_or_accept_it_should_call_whatever_method_is_specified
-----------------------------------------------------------------------------------------------
  [1m[36m (0.0ms)[0m  [1mrollback transaction[0m
  [1m[35m (0.0ms)[0m  begin transaction
-----------------------------------------------------------------------------------------------
ActsAsRequestableTest: test_after_decline_or_accept_it_should_set_its_property_to_the_right_one
-----------------------------------------------------------------------------------------------
  [1m[36m (0.0ms)[0m  [1mrollback transaction[0m
  [1m[35m (0.1ms)[0m  begin transaction
-------------------------------------------------------------------------------------------
ActsAsRequestableTest: test_an_acts_as_requestable_model_should_have_accept/decline_methods
-------------------------------------------------------------------------------------------
  [1m[36m (0.0ms)[0m  [1mrollback transaction[0m
  [1m[35m (0.0ms)[0m  begin transaction
--------------------------------------------------------------------------------------------
ActsAsRequestableTest: test_an_acts_as_requestable_model_should_have_scopes_to_find_requests
--------------------------------------------------------------------------------------------
  [1m[36m (0.0ms)[0m  [1mSAVEPOINT active_record_1[0m
  [1m[35mSQL (0.3ms)[0m  INSERT INTO "book_borrow_requests" ("book_id", "created_at", "updated_at") VALUES (?, ?, ?)  [["book_id", 1], ["created_at", "2014-04-20 19:25:17.014285"], ["updated_at", "2014-04-20 19:25:17.014285"]]
  [1m[36m (0.0ms)[0m  [1mRELEASE SAVEPOINT active_record_1[0m
  [1m[35m (0.1ms)[0m  SELECT COUNT(*) FROM "book_borrow_requests"  WHERE "book_borrow_requests"."reuqest_status" = 0
SQLite3::SQLException: no such column: book_borrow_requests.reuqest_status: SELECT COUNT(*) FROM "book_borrow_requests"  WHERE "book_borrow_requests"."reuqest_status" = 0
  [1m[36m (1.1ms)[0m  [1mrollback transaction[0m
  [1m[35m (0.1ms)[0m  begin transaction
----------------------------------------------------
CoreExtTest: test_to_squawk_prepends_the_word_squawk
----------------------------------------------------
  [1m[36m (0.0ms)[0m  [1mrollback transaction[0m
  [1m[36mActiveRecord::SchemaMigration Load (0.1ms)[0m  [1mSELECT "schema_migrations".* FROM "schema_migrations"[0m
  [1m[35m (0.1ms)[0m  begin transaction
-----------------------------------------------------------------------------------------------
ActsAsRequestableTest: test_after_decline_or_accept_it_should_call_whatever_method_is_specified
-----------------------------------------------------------------------------------------------
  [1m[36m (0.0ms)[0m  [1mrollback transaction[0m
  [1m[35m (0.0ms)[0m  begin transaction
-----------------------------------------------------------------------------------------------
ActsAsRequestableTest: test_after_decline_or_accept_it_should_set_its_property_to_the_right_one
-----------------------------------------------------------------------------------------------
  [1m[36m (0.0ms)[0m  [1mrollback transaction[0m
  [1m[35m (0.0ms)[0m  begin transaction
-------------------------------------------------------------------------------------------
ActsAsRequestableTest: test_an_acts_as_requestable_model_should_have_accept/decline_methods
-------------------------------------------------------------------------------------------
  [1m[36m (0.0ms)[0m  [1mrollback transaction[0m
  [1m[35m (0.0ms)[0m  begin transaction
--------------------------------------------------------------------------------------------
ActsAsRequestableTest: test_an_acts_as_requestable_model_should_have_scopes_to_find_requests
--------------------------------------------------------------------------------------------
  [1m[36m (0.0ms)[0m  [1mSAVEPOINT active_record_1[0m
  [1m[35mSQL (0.3ms)[0m  INSERT INTO "book_borrow_requests" ("book_id", "created_at", "updated_at") VALUES (?, ?, ?)  [["book_id", 1], ["created_at", "2014-04-20 19:25:21.651662"], ["updated_at", "2014-04-20 19:25:21.651662"]]
  [1m[36m (0.0ms)[0m  [1mRELEASE SAVEPOINT active_record_1[0m
  [1m[35m (0.1ms)[0m  SELECT COUNT(*) FROM "book_borrow_requests"  WHERE "book_borrow_requests"."reuqest_status" = 0
SQLite3::SQLException: no such column: book_borrow_requests.reuqest_status: SELECT COUNT(*) FROM "book_borrow_requests"  WHERE "book_borrow_requests"."reuqest_status" = 0
  [1m[36m (1.1ms)[0m  [1mrollback transaction[0m
  [1m[35m (0.1ms)[0m  begin transaction
----------------------------------------------------
CoreExtTest: test_to_squawk_prepends_the_word_squawk
----------------------------------------------------
  [1m[36m (0.0ms)[0m  [1mrollback transaction[0m
